10/11/2009 17:12:09 org.eclipse.birt.report.engine.api.impl.RunAndRenderTask doRun
SEVERE: An error happened while running the report. Cause:
java.lang.IllegalArgumentException: The type of the argument is incorrect.
	at org.eclipse.birt.core.script.function.bre.Function_temp.execute(BreUtility.java:54)
	at org.eclipse.birt.core.script.function.bre.BirtDateTime.execute(BirtDateTime.java:1322)
	at org.eclipse.birt.core.script.functionservice.impl.ScriptFunction.execute(ScriptFunction.java:146)
	at org.eclipse.birt.core.script.functionservice.impl.CategoryWrapper$1.call(CategoryWrapper.java:67)
	at org.mozilla.javascript.optimizer.OptRuntime.call1(OptRuntime.java:66)
	at org.mozilla.javascript.gen.c4._c0(:0)
	at org.mozilla.javascript.gen.c4.call()
	at org.mozilla.javascript.ContextFactory.doTopCall(ContextFactory.java:401)
	at org.mozilla.javascript.ScriptRuntime.doTopCall(ScriptRuntime.java:3003)
	at org.mozilla.javascript.gen.c4.call()
	at org.mozilla.javascript.gen.c4.exec()
	at org.eclipse.birt.core.script.JavascriptEvalUtil.evaluateRawScript(JavascriptEvalUtil.java:95)
	at org.eclipse.birt.core.script.JavascriptEvalUtil.evaluateScript(JavascriptEvalUtil.java:134)
	at org.eclipse.birt.data.engine.script.ScriptEvalUtil.evaluateJSAsExpr(ScriptEvalUtil.java:737)
	at org.eclipse.birt.data.engine.expression.ExprEvaluateUtil.doEvaluateRawExpression(ExprEvaluateUtil.java:266)
	at org.eclipse.birt.data.engine.expression.ExprEvaluateUtil.evaluateRawExpression(ExprEvaluateUtil.java:232)
	at org.eclipse.birt.data.engine.impl.PreparedDummyQuery$ResultIterator.<init>(PreparedDummyQuery.java:528)
	at org.eclipse.birt.data.engine.impl.PreparedDummyQuery$ResultIterator.<init>(PreparedDummyQuery.java:505)
	at org.eclipse.birt.data.engine.impl.PreparedDummyQuery$QueryResults.getResultIterator(PreparedDummyQuery.java:365)
	at org.eclipse.birt.report.engine.data.dte.QueryResultSet.<init>(QueryResultSet.java:98)
	at org.eclipse.birt.report.engine.data.dte.DteDataEngine.doExecuteQuery(DteDataEngine.java:155)
	at org.eclipse.birt.report.engine.data.dte.AbstractDataEngine.execute(AbstractDataEngine.java:254)
	at org.eclipse.birt.report.engine.executor.ExecutionContext.executeQuery(ExecutionContext.java:1818)
	at org.eclipse.birt.report.engine.executor.QueryItemExecutor.executeQuery(QueryItemExecutor.java:80)
	at org.eclipse.birt.report.engine.executor.DataItemExecutor.execute(DataItemExecutor.java:75)
	at org.eclipse.birt.report.engine.executor.ReportExecutorUtil.executeAll(ReportExecutorUtil.java:87)
	at org.eclipse.birt.report.engine.executor.ReportExecutorUtil.executeAll(ReportExecutorUtil.java:92)
	at org.eclipse.birt.report.engine.executor.ReportExecutorUtil.executeAll(ReportExecutorUtil.java:92)
	at org.eclipse.birt.report.engine.executor.ReportExecutorUtil.executeAll(ReportExecutorUtil.java:92)
	at org.eclipse.birt.report.engine.executor.ReportExecutorUtil.executeAll(ReportExecutorUtil.java:92)
	at org.eclipse.birt.report.engine.executor.ReportExecutor.createPageExecutor(ReportExecutor.java:251)
	at org.eclipse.birt.report.engine.internal.executor.dup.SuppressDuplciateReportExecutor.createPageExecutor(SuppressDuplciateReportExecutor.java:61)
	at org.eclipse.birt.report.engine.internal.executor.wrap.WrappedReportExecutor.createPageExecutor(WrappedReportExecutor.java:49)
	at org.eclipse.birt.report.engine.executor.ReportExecutorUtil.executeMasterPage(ReportExecutorUtil.java:63)
	at org.eclipse.birt.report.engine.layout.html.HTMLPageLM.start(HTMLPageLM.java:145)
	at org.eclipse.birt.report.engine.layout.html.HTMLPageLM.layout(HTMLPageLM.java:89)
	at org.eclipse.birt.report.engine.layout.html.HTMLReportLayoutEngine.layout(HTMLReportLayoutEngine.java:99)
	at org.eclipse.birt.report.engine.api.impl.RunAndRenderTask.doRun(RunAndRenderTask.java:170)
	at org.eclipse.birt.report.engine.api.impl.RunAndRenderTask.run(RunAndRenderTask.java:75)
	at org.eclipse.birt.report.service.ReportEngineService.runAndRenderReport(ReportEngineService.java:882)
	at org.eclipse.birt.report.service.BirtViewerReportService.runAndRenderReport(BirtViewerReportService.java:973)
	at org.eclipse.birt.report.service.actionhandler.BirtRunAndRenderActionHandler.__execute(BirtRunAndRenderActionHandler.java:76)
	at org.eclipse.birt.report.service.actionhandler.AbstractBaseActionHandler.execute(AbstractBaseActionHandler.java:90)
	at org.eclipse.birt.report.presentation.aggregation.layout.RunFragment.doService(RunFragment.java:120)
	at org.eclipse.birt.report.presentation.aggregation.layout.FramesetFragment.service(FramesetFragment.java:86)
	at org.eclipse.birt.report.servlet.ViewerServlet.__doGet(ViewerServlet.java:181)
	at org.eclipse.birt.report.servlet.BirtSoapMessageDispatcherServlet.doGet(BirtSoapMessageDispatcherServlet.java:160)
	at javax.servlet.http.HttpServlet.service(HttpServlet.java:617)
	at org.apache.axis.transport.http.AxisServletBase.service(AxisServletBase.java:327)
	at javax.servlet.http.HttpServlet.service(HttpServlet.java:717)
	at org.eclipse.birt.report.servlet.BirtSoapMessageDispatcherServlet.service(BirtSoapMessageDispatcherServlet.java:122)
	at org.apache.catalina.core.ApplicationFilterChain.internalDoFilter(ApplicationFilterChain.java:290)
	at org.apache.catalina.core.ApplicationFilterChain.doFilter(ApplicationFilterChain.java:206)
	at org.eclipse.birt.report.filter.ViewerFilter.doFilter(ViewerFilter.java:68)
	at org.apache.catalina.core.ApplicationFilterChain.internalDoFilter(ApplicationFilterChain.java:235)
	at org.apache.catalina.core.ApplicationFilterChain.doFilter(ApplicationFilterChain.java:206)
	at org.apache.catalina.core.StandardWrapperValve.invoke(StandardWrapperValve.java:233)
	at org.apache.catalina.core.StandardContextValve.invoke(StandardContextValve.java:191)
	at org.apache.catalina.core.StandardHostValve.invoke(StandardHostValve.java:128)
	at org.apache.catalina.valves.ErrorReportValve.invoke(ErrorReportValve.java:102)
	at org.apache.catalina.core.StandardEngineValve.invoke(StandardEngineValve.java:109)
	at org.apache.catalina.connector.CoyoteAdapter.service(CoyoteAdapter.java:293)
	at org.apache.coyote.http11.Http11Processor.process(Http11Processor.java:849)
	at org.apache.coyote.http11.Http11Protocol$Http11ConnectionHandler.process(Http11Protocol.java:583)
	at org.apache.tomcat.util.net.JIoEndpoint$Worker.run(JIoEndpoint.java:454)
	at java.lang.Thread.run(Unknown Source)
10/11/2009 17:33:56 org.eclipse.birt.report.engine.api.impl.RunAndRenderTask doRun
SEVERE: An error happened while running the report. Cause:
java.lang.IllegalArgumentException: The type of the argument is incorrect.
	at org.eclipse.birt.core.script.function.bre.Function_temp.execute(BreUtility.java:54)
	at org.eclipse.birt.core.script.function.bre.BirtDateTime.execute(BirtDateTime.java:1322)
	at org.eclipse.birt.core.script.functionservice.impl.ScriptFunction.execute(ScriptFunction.java:146)
	at org.eclipse.birt.core.script.functionservice.impl.CategoryWrapper$1.call(CategoryWrapper.java:67)
	at org.mozilla.javascript.optimizer.OptRuntime.call1(OptRuntime.java:66)
	at org.mozilla.javascript.gen.c4._c0(:0)
	at org.mozilla.javascript.gen.c4.call()
	at org.mozilla.javascript.ContextFactory.doTopCall(ContextFactory.java:401)
	at org.mozilla.javascript.ScriptRuntime.doTopCall(ScriptRuntime.java:3003)
	at org.mozilla.javascript.gen.c4.call()
	at org.mozilla.javascript.gen.c4.exec()
	at org.eclipse.birt.core.script.JavascriptEvalUtil.evaluateRawScript(JavascriptEvalUtil.java:95)
	at org.eclipse.birt.core.script.JavascriptEvalUtil.evaluateScript(JavascriptEvalUtil.java:134)
	at org.eclipse.birt.data.engine.script.ScriptEvalUtil.evaluateJSAsExpr(ScriptEvalUtil.java:737)
	at org.eclipse.birt.data.engine.expression.ExprEvaluateUtil.doEvaluateRawExpression(ExprEvaluateUtil.java:266)
	at org.eclipse.birt.data.engine.expression.ExprEvaluateUtil.evaluateRawExpression(ExprEvaluateUtil.java:232)
	at org.eclipse.birt.data.engine.impl.PreparedDummyQuery$ResultIterator.<init>(PreparedDummyQuery.java:528)
	at org.eclipse.birt.data.engine.impl.PreparedDummyQuery$ResultIterator.<init>(PreparedDummyQuery.java:505)
	at org.eclipse.birt.data.engine.impl.PreparedDummyQuery$QueryResults.getResultIterator(PreparedDummyQuery.java:365)
	at org.eclipse.birt.report.engine.data.dte.QueryResultSet.<init>(QueryResultSet.java:98)
	at org.eclipse.birt.report.engine.data.dte.DteDataEngine.doExecuteQuery(DteDataEngine.java:155)
	at org.eclipse.birt.report.engine.data.dte.AbstractDataEngine.execute(AbstractDataEngine.java:254)
	at org.eclipse.birt.report.engine.executor.ExecutionContext.executeQuery(ExecutionContext.java:1818)
	at org.eclipse.birt.report.engine.executor.QueryItemExecutor.executeQuery(QueryItemExecutor.java:80)
	at org.eclipse.birt.report.engine.executor.DataItemExecutor.execute(DataItemExecutor.java:75)
	at org.eclipse.birt.report.engine.executor.ReportExecutorUtil.executeAll(ReportExecutorUtil.java:87)
	at org.eclipse.birt.report.engine.executor.ReportExecutorUtil.executeAll(ReportExecutorUtil.java:92)
	at org.eclipse.birt.report.engine.executor.ReportExecutorUtil.executeAll(ReportExecutorUtil.java:92)
	at org.eclipse.birt.report.engine.executor.ReportExecutorUtil.executeAll(ReportExecutorUtil.java:92)
	at org.eclipse.birt.report.engine.executor.ReportExecutorUtil.executeAll(ReportExecutorUtil.java:92)
	at org.eclipse.birt.report.engine.executor.ReportExecutor.createPageExecutor(ReportExecutor.java:251)
	at org.eclipse.birt.report.engine.internal.executor.dup.SuppressDuplciateReportExecutor.createPageExecutor(SuppressDuplciateReportExecutor.java:61)
	at org.eclipse.birt.report.engine.internal.executor.wrap.WrappedReportExecutor.createPageExecutor(WrappedReportExecutor.java:49)
	at org.eclipse.birt.report.engine.executor.ReportExecutorUtil.executeMasterPage(ReportExecutorUtil.java:63)
	at org.eclipse.birt.report.engine.layout.html.HTMLPageLM.start(HTMLPageLM.java:145)
	at org.eclipse.birt.report.engine.layout.html.HTMLPageLM.layout(HTMLPageLM.java:89)
	at org.eclipse.birt.report.engine.layout.html.HTMLReportLayoutEngine.layout(HTMLReportLayoutEngine.java:99)
	at org.eclipse.birt.report.engine.api.impl.RunAndRenderTask.doRun(RunAndRenderTask.java:170)
	at org.eclipse.birt.report.engine.api.impl.RunAndRenderTask.run(RunAndRenderTask.java:75)
	at org.eclipse.birt.report.service.ReportEngineService.runAndRenderReport(ReportEngineService.java:882)
	at org.eclipse.birt.report.service.BirtViewerReportService.runAndRenderReport(BirtViewerReportService.java:973)
	at org.eclipse.birt.report.service.actionhandler.BirtRunAndRenderActionHandler.__execute(BirtRunAndRenderActionHandler.java:76)
	at org.eclipse.birt.report.service.actionhandler.AbstractBaseActionHandler.execute(AbstractBaseActionHandler.java:90)
	at org.eclipse.birt.report.presentation.aggregation.layout.RunFragment.doService(RunFragment.java:120)
	at org.eclipse.birt.report.presentation.aggregation.layout.FramesetFragment.service(FramesetFragment.java:86)
	at org.eclipse.birt.report.servlet.ViewerServlet.__doGet(ViewerServlet.java:181)
	at org.eclipse.birt.report.servlet.BirtSoapMessageDispatcherServlet.doGet(BirtSoapMessageDispatcherServlet.java:160)
	at javax.servlet.http.HttpServlet.service(HttpServlet.java:617)
	at org.apache.axis.transport.http.AxisServletBase.service(AxisServletBase.java:327)
	at javax.servlet.http.HttpServlet.service(HttpServlet.java:717)
	at org.eclipse.birt.report.servlet.BirtSoapMessageDispatcherServlet.service(BirtSoapMessageDispatcherServlet.java:122)
	at org.apache.catalina.core.ApplicationFilterChain.internalDoFilter(ApplicationFilterChain.java:290)
	at org.apache.catalina.core.ApplicationFilterChain.doFilter(ApplicationFilterChain.java:206)
	at org.eclipse.birt.report.filter.ViewerFilter.doFilter(ViewerFilter.java:68)
	at org.apache.catalina.core.ApplicationFilterChain.internalDoFilter(ApplicationFilterChain.java:235)
	at org.apache.catalina.core.ApplicationFilterChain.doFilter(ApplicationFilterChain.java:206)
	at org.apache.catalina.core.StandardWrapperValve.invoke(StandardWrapperValve.java:233)
	at org.apache.catalina.core.StandardContextValve.invoke(StandardContextValve.java:191)
	at org.apache.catalina.core.StandardHostValve.invoke(StandardHostValve.java:128)
	at org.apache.catalina.valves.ErrorReportValve.invoke(ErrorReportValve.java:102)
	at org.apache.catalina.core.StandardEngineValve.invoke(StandardEngineValve.java:109)
	at org.apache.catalina.connector.CoyoteAdapter.service(CoyoteAdapter.java:293)
	at org.apache.coyote.http11.Http11Processor.process(Http11Processor.java:849)
	at org.apache.coyote.http11.Http11Protocol$Http11ConnectionHandler.process(Http11Protocol.java:583)
	at org.apache.tomcat.util.net.JIoEndpoint$Worker.run(JIoEndpoint.java:454)
	at java.lang.Thread.run(Unknown Source)
10/11/2009 18:24:57 org.eclipse.birt.report.engine.api.impl.RunAndRenderTask doRun
SEVERE: An error happened while running the report. Cause:
java.lang.IllegalArgumentException: The type of the argument is incorrect.
	at org.eclipse.birt.core.script.function.bre.Function_temp.execute(BreUtility.java:54)
	at org.eclipse.birt.core.script.function.bre.BirtDateTime.execute(BirtDateTime.java:1322)
	at org.eclipse.birt.core.script.functionservice.impl.ScriptFunction.execute(ScriptFunction.java:146)
	at org.eclipse.birt.core.script.functionservice.impl.CategoryWrapper$1.call(CategoryWrapper.java:67)
	at org.mozilla.javascript.optimizer.OptRuntime.call1(OptRuntime.java:66)
	at org.mozilla.javascript.gen.c4._c0(:0)
	at org.mozilla.javascript.gen.c4.call()
	at org.mozilla.javascript.ContextFactory.doTopCall(ContextFactory.java:401)
	at org.mozilla.javascript.ScriptRuntime.doTopCall(ScriptRuntime.java:3003)
	at org.mozilla.javascript.gen.c4.call()
	at org.mozilla.javascript.gen.c4.exec()
	at org.eclipse.birt.core.script.JavascriptEvalUtil.evaluateRawScript(JavascriptEvalUtil.java:95)
	at org.eclipse.birt.core.script.JavascriptEvalUtil.evaluateScript(JavascriptEvalUtil.java:134)
	at org.eclipse.birt.data.engine.script.ScriptEvalUtil.evaluateJSAsExpr(ScriptEvalUtil.java:737)
	at org.eclipse.birt.data.engine.expression.ExprEvaluateUtil.doEvaluateRawExpression(ExprEvaluateUtil.java:266)
	at org.eclipse.birt.data.engine.expression.ExprEvaluateUtil.evaluateRawExpression(ExprEvaluateUtil.java:232)
	at org.eclipse.birt.data.engine.impl.PreparedDummyQuery$ResultIterator.<init>(PreparedDummyQuery.java:528)
	at org.eclipse.birt.data.engine.impl.PreparedDummyQuery$ResultIterator.<init>(PreparedDummyQuery.java:505)
	at org.eclipse.birt.data.engine.impl.PreparedDummyQuery$QueryResults.getResultIterator(PreparedDummyQuery.java:365)
	at org.eclipse.birt.report.engine.data.dte.QueryResultSet.<init>(QueryResultSet.java:98)
	at org.eclipse.birt.report.engine.data.dte.DteDataEngine.doExecuteQuery(DteDataEngine.java:155)
	at org.eclipse.birt.report.engine.data.dte.AbstractDataEngine.execute(AbstractDataEngine.java:254)
	at org.eclipse.birt.report.engine.executor.ExecutionContext.executeQuery(ExecutionContext.java:1818)
	at org.eclipse.birt.report.engine.executor.QueryItemExecutor.executeQuery(QueryItemExecutor.java:80)
	at org.eclipse.birt.report.engine.executor.DataItemExecutor.execute(DataItemExecutor.java:75)
	at org.eclipse.birt.report.engine.executor.ReportExecutorUtil.executeAll(ReportExecutorUtil.java:87)
	at org.eclipse.birt.report.engine.executor.ReportExecutorUtil.executeAll(ReportExecutorUtil.java:92)
	at org.eclipse.birt.report.engine.executor.ReportExecutorUtil.executeAll(ReportExecutorUtil.java:92)
	at org.eclipse.birt.report.engine.executor.ReportExecutorUtil.executeAll(ReportExecutorUtil.java:92)
	at org.eclipse.birt.report.engine.executor.ReportExecutorUtil.executeAll(ReportExecutorUtil.java:92)
	at org.eclipse.birt.report.engine.executor.ReportExecutor.createPageExecutor(ReportExecutor.java:251)
	at org.eclipse.birt.report.engine.internal.executor.dup.SuppressDuplciateReportExecutor.createPageExecutor(SuppressDuplciateReportExecutor.java:61)
	at org.eclipse.birt.report.engine.internal.executor.wrap.WrappedReportExecutor.createPageExecutor(WrappedReportExecutor.java:49)
	at org.eclipse.birt.report.engine.executor.ReportExecutorUtil.executeMasterPage(ReportExecutorUtil.java:63)
	at org.eclipse.birt.report.engine.layout.html.HTMLPageLM.start(HTMLPageLM.java:145)
	at org.eclipse.birt.report.engine.layout.html.HTMLPageLM.layout(HTMLPageLM.java:89)
	at org.eclipse.birt.report.engine.layout.html.HTMLReportLayoutEngine.layout(HTMLReportLayoutEngine.java:99)
	at org.eclipse.birt.report.engine.api.impl.RunAndRenderTask.doRun(RunAndRenderTask.java:170)
	at org.eclipse.birt.report.engine.api.impl.RunAndRenderTask.run(RunAndRenderTask.java:75)
	at org.eclipse.birt.report.service.ReportEngineService.runAndRenderReport(ReportEngineService.java:882)
	at org.eclipse.birt.report.service.BirtViewerReportService.runAndRenderReport(BirtViewerReportService.java:973)
	at org.eclipse.birt.report.service.actionhandler.BirtRunAndRenderActionHandler.__execute(BirtRunAndRenderActionHandler.java:76)
	at org.eclipse.birt.report.service.actionhandler.AbstractBaseActionHandler.execute(AbstractBaseActionHandler.java:90)
	at org.eclipse.birt.report.presentation.aggregation.layout.RunFragment.doService(RunFragment.java:120)
	at org.eclipse.birt.report.presentation.aggregation.layout.FramesetFragment.service(FramesetFragment.java:86)
	at org.eclipse.birt.report.servlet.ViewerServlet.__doGet(ViewerServlet.java:181)
	at org.eclipse.birt.report.servlet.BirtSoapMessageDispatcherServlet.doGet(BirtSoapMessageDispatcherServlet.java:160)
	at javax.servlet.http.HttpServlet.service(HttpServlet.java:617)
	at org.apache.axis.transport.http.AxisServletBase.service(AxisServletBase.java:327)
	at javax.servlet.http.HttpServlet.service(HttpServlet.java:717)
	at org.eclipse.birt.report.servlet.BirtSoapMessageDispatcherServlet.service(BirtSoapMessageDispatcherServlet.java:122)
	at org.apache.catalina.core.ApplicationFilterChain.internalDoFilter(ApplicationFilterChain.java:290)
	at org.apache.catalina.core.ApplicationFilterChain.doFilter(ApplicationFilterChain.java:206)
	at org.eclipse.birt.report.filter.ViewerFilter.doFilter(ViewerFilter.java:68)
	at org.apache.catalina.core.ApplicationFilterChain.internalDoFilter(ApplicationFilterChain.java:235)
	at org.apache.catalina.core.ApplicationFilterChain.doFilter(ApplicationFilterChain.java:206)
	at org.apache.catalina.core.StandardWrapperValve.invoke(StandardWrapperValve.java:233)
	at org.apache.catalina.core.StandardContextValve.invoke(StandardContextValve.java:191)
	at org.apache.catalina.core.StandardHostValve.invoke(StandardHostValve.java:128)
	at org.apache.catalina.valves.ErrorReportValve.invoke(ErrorReportValve.java:102)
	at org.apache.catalina.core.StandardEngineValve.invoke(StandardEngineValve.java:109)
	at org.apache.catalina.connector.CoyoteAdapter.service(CoyoteAdapter.java:293)
	at org.apache.coyote.http11.Http11Processor.process(Http11Processor.java:849)
	at org.apache.coyote.http11.Http11Protocol$Http11ConnectionHandler.process(Http11Protocol.java:583)
	at org.apache.tomcat.util.net.JIoEndpoint$Worker.run(JIoEndpoint.java:454)
	at java.lang.Thread.run(Unknown Source)
10/11/2009 18:27:44 org.eclipse.birt.report.engine.api.impl.RunAndRenderTask doRun
SEVERE: An error happened while running the report. Cause:
java.lang.IllegalArgumentException: The type of the argument is incorrect.
	at org.eclipse.birt.core.script.function.bre.Function_temp.execute(BreUtility.java:54)
	at org.eclipse.birt.core.script.function.bre.BirtDateTime.execute(BirtDateTime.java:1322)
	at org.eclipse.birt.core.script.functionservice.impl.ScriptFunction.execute(ScriptFunction.java:146)
	at org.eclipse.birt.core.script.functionservice.impl.CategoryWrapper$1.call(CategoryWrapper.java:67)
	at org.mozilla.javascript.optimizer.OptRuntime.call1(OptRuntime.java:66)
	at org.mozilla.javascript.gen.c4._c0(:0)
	at org.mozilla.javascript.gen.c4.call()
	at org.mozilla.javascript.ContextFactory.doTopCall(ContextFactory.java:401)
	at org.mozilla.javascript.ScriptRuntime.doTopCall(ScriptRuntime.java:3003)
	at org.mozilla.javascript.gen.c4.call()
	at org.mozilla.javascript.gen.c4.exec()
	at org.eclipse.birt.core.script.JavascriptEvalUtil.evaluateRawScript(JavascriptEvalUtil.java:95)
	at org.eclipse.birt.core.script.JavascriptEvalUtil.evaluateScript(JavascriptEvalUtil.java:134)
	at org.eclipse.birt.data.engine.script.ScriptEvalUtil.evaluateJSAsExpr(ScriptEvalUtil.java:737)
	at org.eclipse.birt.data.engine.expression.ExprEvaluateUtil.doEvaluateRawExpression(ExprEvaluateUtil.java:266)
	at org.eclipse.birt.data.engine.expression.ExprEvaluateUtil.evaluateRawExpression(ExprEvaluateUtil.java:232)
	at org.eclipse.birt.data.engine.impl.PreparedDummyQuery$ResultIterator.<init>(PreparedDummyQuery.java:528)
	at org.eclipse.birt.data.engine.impl.PreparedDummyQuery$ResultIterator.<init>(PreparedDummyQuery.java:505)
	at org.eclipse.birt.data.engine.impl.PreparedDummyQuery$QueryResults.getResultIterator(PreparedDummyQuery.java:365)
	at org.eclipse.birt.report.engine.data.dte.QueryResultSet.<init>(QueryResultSet.java:98)
	at org.eclipse.birt.report.engine.data.dte.DteDataEngine.doExecuteQuery(DteDataEngine.java:155)
	at org.eclipse.birt.report.engine.data.dte.AbstractDataEngine.execute(AbstractDataEngine.java:254)
	at org.eclipse.birt.report.engine.executor.ExecutionContext.executeQuery(ExecutionContext.java:1818)
	at org.eclipse.birt.report.engine.executor.QueryItemExecutor.executeQuery(QueryItemExecutor.java:80)
	at org.eclipse.birt.report.engine.executor.DataItemExecutor.execute(DataItemExecutor.java:75)
	at org.eclipse.birt.report.engine.executor.ReportExecutorUtil.executeAll(ReportExecutorUtil.java:87)
	at org.eclipse.birt.report.engine.executor.ReportExecutorUtil.executeAll(ReportExecutorUtil.java:92)
	at org.eclipse.birt.report.engine.executor.ReportExecutorUtil.executeAll(ReportExecutorUtil.java:92)
	at org.eclipse.birt.report.engine.executor.ReportExecutorUtil.executeAll(ReportExecutorUtil.java:92)
	at org.eclipse.birt.report.engine.executor.ReportExecutorUtil.executeAll(ReportExecutorUtil.java:92)
	at org.eclipse.birt.report.engine.executor.ReportExecutor.createPageExecutor(ReportExecutor.java:251)
	at org.eclipse.birt.report.engine.internal.executor.dup.SuppressDuplciateReportExecutor.createPageExecutor(SuppressDuplciateReportExecutor.java:61)
	at org.eclipse.birt.report.engine.internal.executor.wrap.WrappedReportExecutor.createPageExecutor(WrappedReportExecutor.java:49)
	at org.eclipse.birt.report.engine.executor.ReportExecutorUtil.executeMasterPage(ReportExecutorUtil.java:63)
	at org.eclipse.birt.report.engine.layout.html.HTMLPageLM.start(HTMLPageLM.java:145)
	at org.eclipse.birt.report.engine.layout.html.HTMLPageLM.layout(HTMLPageLM.java:89)
	at org.eclipse.birt.report.engine.layout.html.HTMLReportLayoutEngine.layout(HTMLReportLayoutEngine.java:99)
	at org.eclipse.birt.report.engine.api.impl.RunAndRenderTask.doRun(RunAndRenderTask.java:170)
	at org.eclipse.birt.report.engine.api.impl.RunAndRenderTask.run(RunAndRenderTask.java:75)
	at org.eclipse.birt.report.service.ReportEngineService.runAndRenderReport(ReportEngineService.java:882)
	at org.eclipse.birt.report.service.BirtViewerReportService.runAndRenderReport(BirtViewerReportService.java:973)
	at org.eclipse.birt.report.service.actionhandler.BirtRunAndRenderActionHandler.__execute(BirtRunAndRenderActionHandler.java:76)
	at org.eclipse.birt.report.service.actionhandler.AbstractBaseActionHandler.execute(AbstractBaseActionHandler.java:90)
	at org.eclipse.birt.report.presentation.aggregation.layout.RunFragment.doService(RunFragment.java:120)
	at org.eclipse.birt.report.presentation.aggregation.layout.FramesetFragment.service(FramesetFragment.java:86)
	at org.eclipse.birt.report.servlet.ViewerServlet.__doGet(ViewerServlet.java:181)
	at org.eclipse.birt.report.servlet.BirtSoapMessageDispatcherServlet.doGet(BirtSoapMessageDispatcherServlet.java:160)
	at javax.servlet.http.HttpServlet.service(HttpServlet.java:617)
	at org.apache.axis.transport.http.AxisServletBase.service(AxisServletBase.java:327)
	at javax.servlet.http.HttpServlet.service(HttpServlet.java:717)
	at org.eclipse.birt.report.servlet.BirtSoapMessageDispatcherServlet.service(BirtSoapMessageDispatcherServlet.java:122)
	at org.apache.catalina.core.ApplicationFilterChain.internalDoFilter(ApplicationFilterChain.java:290)
	at org.apache.catalina.core.ApplicationFilterChain.doFilter(ApplicationFilterChain.java:206)
	at org.eclipse.birt.report.filter.ViewerFilter.doFilter(ViewerFilter.java:68)
	at org.apache.catalina.core.ApplicationFilterChain.internalDoFilter(ApplicationFilterChain.java:235)
	at org.apache.catalina.core.ApplicationFilterChain.doFilter(ApplicationFilterChain.java:206)
	at org.apache.catalina.core.StandardWrapperValve.invoke(StandardWrapperValve.java:233)
	at org.apache.catalina.core.StandardContextValve.invoke(StandardContextValve.java:191)
	at org.apache.catalina.core.StandardHostValve.invoke(StandardHostValve.java:128)
	at org.apache.catalina.valves.ErrorReportValve.invoke(ErrorReportValve.java:102)
	at org.apache.catalina.core.StandardEngineValve.invoke(StandardEngineValve.java:109)
	at org.apache.catalina.connector.CoyoteAdapter.service(CoyoteAdapter.java:293)
	at org.apache.coyote.http11.Http11Processor.process(Http11Processor.java:849)
	at org.apache.coyote.http11.Http11Protocol$Http11ConnectionHandler.process(Http11Protocol.java:583)
	at org.apache.tomcat.util.net.JIoEndpoint$Worker.run(JIoEndpoint.java:454)
	at java.lang.Thread.run(Unknown Source)
11/11/2009 11:15:06 org.eclipse.birt.report.engine.api.impl.RunAndRenderTask doRun
SEVERE: An error happened while running the report. Cause:
java.lang.IllegalArgumentException: The type of the argument is incorrect.
	at org.eclipse.birt.core.script.function.bre.Function_temp.execute(BreUtility.java:54)
	at org.eclipse.birt.core.script.function.bre.BirtDateTime.execute(BirtDateTime.java:1322)
	at org.eclipse.birt.core.script.functionservice.impl.ScriptFunction.execute(ScriptFunction.java:146)
	at org.eclipse.birt.core.script.functionservice.impl.CategoryWrapper$1.call(CategoryWrapper.java:67)
	at org.mozilla.javascript.optimizer.OptRuntime.call1(OptRuntime.java:66)
	at org.mozilla.javascript.gen.c4._c0(:0)
	at org.mozilla.javascript.gen.c4.call()
	at org.mozilla.javascript.ContextFactory.doTopCall(ContextFactory.java:401)
	at org.mozilla.javascript.ScriptRuntime.doTopCall(ScriptRuntime.java:3003)
	at org.mozilla.javascript.gen.c4.call()
	at org.mozilla.javascript.gen.c4.exec()
	at org.eclipse.birt.core.script.JavascriptEvalUtil.evaluateRawScript(JavascriptEvalUtil.java:95)
	at org.eclipse.birt.core.script.JavascriptEvalUtil.evaluateScript(JavascriptEvalUtil.java:134)
	at org.eclipse.birt.data.engine.script.ScriptEvalUtil.evaluateJSAsExpr(ScriptEvalUtil.java:737)
	at org.eclipse.birt.data.engine.expression.ExprEvaluateUtil.doEvaluateRawExpression(ExprEvaluateUtil.java:266)
	at org.eclipse.birt.data.engine.expression.ExprEvaluateUtil.evaluateRawExpression(ExprEvaluateUtil.java:232)
	at org.eclipse.birt.data.engine.impl.PreparedDummyQuery$ResultIterator.<init>(PreparedDummyQuery.java:528)
	at org.eclipse.birt.data.engine.impl.PreparedDummyQuery$ResultIterator.<init>(PreparedDummyQuery.java:505)
	at org.eclipse.birt.data.engine.impl.PreparedDummyQuery$QueryResults.getResultIterator(PreparedDummyQuery.java:365)
	at org.eclipse.birt.report.engine.data.dte.QueryResultSet.<init>(QueryResultSet.java:98)
	at org.eclipse.birt.report.engine.data.dte.DteDataEngine.doExecuteQuery(DteDataEngine.java:155)
	at org.eclipse.birt.report.engine.data.dte.AbstractDataEngine.execute(AbstractDataEngine.java:254)
	at org.eclipse.birt.report.engine.executor.ExecutionContext.executeQuery(ExecutionContext.java:1818)
	at org.eclipse.birt.report.engine.executor.QueryItemExecutor.executeQuery(QueryItemExecutor.java:80)
	at org.eclipse.birt.report.engine.executor.DataItemExecutor.execute(DataItemExecutor.java:75)
	at org.eclipse.birt.report.engine.executor.ReportExecutorUtil.executeAll(ReportExecutorUtil.java:87)
	at org.eclipse.birt.report.engine.executor.ReportExecutorUtil.executeAll(ReportExecutorUtil.java:92)
	at org.eclipse.birt.report.engine.executor.ReportExecutorUtil.executeAll(ReportExecutorUtil.java:92)
	at org.eclipse.birt.report.engine.executor.ReportExecutorUtil.executeAll(ReportExecutorUtil.java:92)
	at org.eclipse.birt.report.engine.executor.ReportExecutorUtil.executeAll(ReportExecutorUtil.java:92)
	at org.eclipse.birt.report.engine.executor.ReportExecutor.createPageExecutor(ReportExecutor.java:251)
	at org.eclipse.birt.report.engine.internal.executor.dup.SuppressDuplciateReportExecutor.createPageExecutor(SuppressDuplciateReportExecutor.java:61)
	at org.eclipse.birt.report.engine.internal.executor.wrap.WrappedReportExecutor.createPageExecutor(WrappedReportExecutor.java:49)
	at org.eclipse.birt.report.engine.executor.ReportExecutorUtil.executeMasterPage(ReportExecutorUtil.java:63)
	at org.eclipse.birt.report.engine.layout.html.HTMLPageLM.start(HTMLPageLM.java:145)
	at org.eclipse.birt.report.engine.layout.html.HTMLPageLM.layout(HTMLPageLM.java:89)
	at org.eclipse.birt.report.engine.layout.html.HTMLReportLayoutEngine.layout(HTMLReportLayoutEngine.java:99)
	at org.eclipse.birt.report.engine.api.impl.RunAndRenderTask.doRun(RunAndRenderTask.java:170)
	at org.eclipse.birt.report.engine.api.impl.RunAndRenderTask.run(RunAndRenderTask.java:75)
	at org.eclipse.birt.report.service.ReportEngineService.runAndRenderReport(ReportEngineService.java:882)
	at org.eclipse.birt.report.service.BirtViewerReportService.runAndRenderReport(BirtViewerReportService.java:973)
	at org.eclipse.birt.report.service.actionhandler.BirtRunAndRenderActionHandler.__execute(BirtRunAndRenderActionHandler.java:76)
	at org.eclipse.birt.report.service.actionhandler.AbstractBaseActionHandler.execute(AbstractBaseActionHandler.java:90)
	at org.eclipse.birt.report.presentation.aggregation.layout.RunFragment.doService(RunFragment.java:120)
	at org.eclipse.birt.report.presentation.aggregation.layout.FramesetFragment.service(FramesetFragment.java:86)
	at org.eclipse.birt.report.servlet.ViewerServlet.__doGet(ViewerServlet.java:181)
	at org.eclipse.birt.report.servlet.BirtSoapMessageDispatcherServlet.doGet(BirtSoapMessageDispatcherServlet.java:160)
	at javax.servlet.http.HttpServlet.service(HttpServlet.java:617)
	at org.apache.axis.transport.http.AxisServletBase.service(AxisServletBase.java:327)
	at javax.servlet.http.HttpServlet.service(HttpServlet.java:717)
	at org.eclipse.birt.report.servlet.BirtSoapMessageDispatcherServlet.service(BirtSoapMessageDispatcherServlet.java:122)
	at org.apache.catalina.core.ApplicationFilterChain.internalDoFilter(ApplicationFilterChain.java:290)
	at org.apache.catalina.core.ApplicationFilterChain.doFilter(ApplicationFilterChain.java:206)
	at org.eclipse.birt.report.filter.ViewerFilter.doFilter(ViewerFilter.java:68)
	at org.apache.catalina.core.ApplicationFilterChain.internalDoFilter(ApplicationFilterChain.java:235)
	at org.apache.catalina.core.ApplicationFilterChain.doFilter(ApplicationFilterChain.java:206)
	at org.apache.catalina.core.StandardWrapperValve.invoke(StandardWrapperValve.java:233)
	at org.apache.catalina.core.StandardContextValve.invoke(StandardContextValve.java:191)
	at org.apache.catalina.core.StandardHostValve.invoke(StandardHostValve.java:128)
	at org.apache.catalina.valves.ErrorReportValve.invoke(ErrorReportValve.java:102)
	at org.apache.catalina.core.StandardEngineValve.invoke(StandardEngineValve.java:109)
	at org.apache.catalina.connector.CoyoteAdapter.service(CoyoteAdapter.java:293)
	at org.apache.coyote.http11.Http11Processor.process(Http11Processor.java:849)
	at org.apache.coyote.http11.Http11Protocol$Http11ConnectionHandler.process(Http11Protocol.java:583)
	at org.apache.tomcat.util.net.JIoEndpoint$Worker.run(JIoEndpoint.java:454)
	at java.lang.Thread.run(Unknown Source)
11/11/2009 11:16:29 org.eclipse.birt.report.engine.api.impl.RunAndRenderTask doRun
SEVERE: An error happened while running the report. Cause:
java.lang.IllegalArgumentException: The type of the argument is incorrect.
	at org.eclipse.birt.core.script.function.bre.Function_temp.execute(BreUtility.java:54)
	at org.eclipse.birt.core.script.function.bre.BirtDateTime.execute(BirtDateTime.java:1322)
	at org.eclipse.birt.core.script.functionservice.impl.ScriptFunction.execute(ScriptFunction.java:146)
	at org.eclipse.birt.core.script.functionservice.impl.CategoryWrapper$1.call(CategoryWrapper.java:67)
	at org.mozilla.javascript.optimizer.OptRuntime.call1(OptRuntime.java:66)
	at org.mozilla.javascript.gen.c4._c0(:0)
	at org.mozilla.javascript.gen.c4.call()
	at org.mozilla.javascript.ContextFactory.doTopCall(ContextFactory.java:401)
	at org.mozilla.javascript.ScriptRuntime.doTopCall(ScriptRuntime.java:3003)
	at org.mozilla.javascript.gen.c4.call()
	at org.mozilla.javascript.gen.c4.exec()
	at org.eclipse.birt.core.script.JavascriptEvalUtil.evaluateRawScript(JavascriptEvalUtil.java:95)
	at org.eclipse.birt.core.script.JavascriptEvalUtil.evaluateScript(JavascriptEvalUtil.java:134)
	at org.eclipse.birt.data.engine.script.ScriptEvalUtil.evaluateJSAsExpr(ScriptEvalUtil.java:737)
	at org.eclipse.birt.data.engine.expression.ExprEvaluateUtil.doEvaluateRawExpression(ExprEvaluateUtil.java:266)
	at org.eclipse.birt.data.engine.expression.ExprEvaluateUtil.evaluateRawExpression(ExprEvaluateUtil.java:232)
	at org.eclipse.birt.data.engine.impl.PreparedDummyQuery$ResultIterator.<init>(PreparedDummyQuery.java:528)
	at org.eclipse.birt.data.engine.impl.PreparedDummyQuery$ResultIterator.<init>(PreparedDummyQuery.java:505)
	at org.eclipse.birt.data.engine.impl.PreparedDummyQuery$QueryResults.getResultIterator(PreparedDummyQuery.java:365)
	at org.eclipse.birt.report.engine.data.dte.QueryResultSet.<init>(QueryResultSet.java:98)
	at org.eclipse.birt.report.engine.data.dte.DteDataEngine.doExecuteQuery(DteDataEngine.java:155)
	at org.eclipse.birt.report.engine.data.dte.AbstractDataEngine.execute(AbstractDataEngine.java:254)
	at org.eclipse.birt.report.engine.executor.ExecutionContext.executeQuery(ExecutionContext.java:1818)
	at org.eclipse.birt.report.engine.executor.QueryItemExecutor.executeQuery(QueryItemExecutor.java:80)
	at org.eclipse.birt.report.engine.executor.DataItemExecutor.execute(DataItemExecutor.java:75)
	at org.eclipse.birt.report.engine.executor.ReportExecutorUtil.executeAll(ReportExecutorUtil.java:87)
	at org.eclipse.birt.report.engine.executor.ReportExecutorUtil.executeAll(ReportExecutorUtil.java:92)
	at org.eclipse.birt.report.engine.executor.ReportExecutorUtil.executeAll(ReportExecutorUtil.java:92)
	at org.eclipse.birt.report.engine.executor.ReportExecutorUtil.executeAll(ReportExecutorUtil.java:92)
	at org.eclipse.birt.report.engine.executor.ReportExecutorUtil.executeAll(ReportExecutorUtil.java:92)
	at org.eclipse.birt.report.engine.executor.ReportExecutor.createPageExecutor(ReportExecutor.java:251)
	at org.eclipse.birt.report.engine.internal.executor.dup.SuppressDuplciateReportExecutor.createPageExecutor(SuppressDuplciateReportExecutor.java:61)
	at org.eclipse.birt.report.engine.internal.executor.wrap.WrappedReportExecutor.createPageExecutor(WrappedReportExecutor.java:49)
	at org.eclipse.birt.report.engine.executor.ReportExecutorUtil.executeMasterPage(ReportExecutorUtil.java:63)
	at org.eclipse.birt.report.engine.layout.html.HTMLPageLM.start(HTMLPageLM.java:145)
	at org.eclipse.birt.report.engine.layout.html.HTMLPageLM.layout(HTMLPageLM.java:89)
	at org.eclipse.birt.report.engine.layout.html.HTMLReportLayoutEngine.layout(HTMLReportLayoutEngine.java:99)
	at org.eclipse.birt.report.engine.api.impl.RunAndRenderTask.doRun(RunAndRenderTask.java:170)
	at org.eclipse.birt.report.engine.api.impl.RunAndRenderTask.run(RunAndRenderTask.java:75)
	at org.eclipse.birt.report.service.ReportEngineService.runAndRenderReport(ReportEngineService.java:882)
	at org.eclipse.birt.report.service.BirtViewerReportService.runAndRenderReport(BirtViewerReportService.java:973)
	at org.eclipse.birt.report.service.actionhandler.BirtRunAndRenderActionHandler.__execute(BirtRunAndRenderActionHandler.java:76)
	at org.eclipse.birt.report.service.actionhandler.AbstractBaseActionHandler.execute(AbstractBaseActionHandler.java:90)
	at org.eclipse.birt.report.presentation.aggregation.layout.RunFragment.doService(RunFragment.java:120)
	at org.eclipse.birt.report.presentation.aggregation.layout.FramesetFragment.service(FramesetFragment.java:86)
	at org.eclipse.birt.report.servlet.ViewerServlet.__doGet(ViewerServlet.java:181)
	at org.eclipse.birt.report.servlet.BirtSoapMessageDispatcherServlet.doGet(BirtSoapMessageDispatcherServlet.java:160)
	at javax.servlet.http.HttpServlet.service(HttpServlet.java:617)
	at org.apache.axis.transport.http.AxisServletBase.service(AxisServletBase.java:327)
	at javax.servlet.http.HttpServlet.service(HttpServlet.java:717)
	at org.eclipse.birt.report.servlet.BirtSoapMessageDispatcherServlet.service(BirtSoapMessageDispatcherServlet.java:122)
	at org.apache.catalina.core.ApplicationFilterChain.internalDoFilter(ApplicationFilterChain.java:290)
	at org.apache.catalina.core.ApplicationFilterChain.doFilter(ApplicationFilterChain.java:206)
	at org.eclipse.birt.report.filter.ViewerFilter.doFilter(ViewerFilter.java:68)
	at org.apache.catalina.core.ApplicationFilterChain.internalDoFilter(ApplicationFilterChain.java:235)
	at org.apache.catalina.core.ApplicationFilterChain.doFilter(ApplicationFilterChain.java:206)
	at org.apache.catalina.core.StandardWrapperValve.invoke(StandardWrapperValve.java:233)
	at org.apache.catalina.core.StandardContextValve.invoke(StandardContextValve.java:191)
	at org.apache.catalina.core.StandardHostValve.invoke(StandardHostValve.java:128)
	at org.apache.catalina.valves.ErrorReportValve.invoke(ErrorReportValve.java:102)
	at org.apache.catalina.core.StandardEngineValve.invoke(StandardEngineValve.java:109)
	at org.apache.catalina.connector.CoyoteAdapter.service(CoyoteAdapter.java:293)
	at org.apache.coyote.http11.Http11Processor.process(Http11Processor.java:849)
	at org.apache.coyote.http11.Http11Protocol$Http11ConnectionHandler.process(Http11Protocol.java:583)
	at org.apache.tomcat.util.net.JIoEndpoint$Worker.run(JIoEndpoint.java:454)
	at java.lang.Thread.run(Unknown Source)
